2023-05-11 16:00:31 [INFO] 초기화 필터 생성
2023-05-11 16:00:34 [INFO] 5초마다 출력
2023-05-11 16:00:39 [INFO] 5초마다 출력
2023-05-11 16:00:44 [INFO] 5초마다 출력
2023-05-11 16:00:49 [INFO] 5초마다 출력
2023-05-11 16:00:54 [INFO] 5초마다 출력
2023-05-11 16:00:59 [INFO] 5초마다 출력
2023-05-11 16:01:04 [INFO] 5초마다 출력
2023-05-11 16:01:09 [INFO] 5초마다 출력
2023-05-11 16:01:14 [INFO] 5초마다 출력
2023-05-11 16:01:19 [INFO] 5초마다 출력
2023-05-11 16:01:24 [INFO] 5초마다 출력
2023-05-11 16:01:29 [INFO] 5초마다 출력
2023-05-11 16:01:34 [INFO] 5초마다 출력
2023-05-11 16:01:39 [INFO] 5초마다 출력
2023-05-11 16:01:42 [INFO] 초기화 필터 파괴
2023-05-11 16:01:53 [INFO] 초기화 필터 생성
2023-05-11 16:01:56 [INFO] 5초마다 출력
2023-05-11 16:02:01 [INFO] 5초마다 출력
2023-05-11 16:02:06 [INFO] 5초마다 출력
2023-05-11 16:02:11 [INFO] 5초마다 출력
2023-05-11 16:02:16 [INFO] 5초마다 출력
2023-05-11 16:02:21 [INFO] 5초마다 출력
2023-05-11 16:02:26 [INFO] 5초마다 출력
2023-05-11 16:02:31 [INFO] 5초마다 출력
2023-05-11 16:02:36 [INFO] 5초마다 출력
2023-05-11 16:02:41 [INFO] 5초마다 출력
2023-05-11 16:02:46 [INFO] 5초마다 출력
2023-05-11 16:02:51 [INFO] 5초마다 출력
2023-05-11 16:02:56 [INFO] 5초마다 출력
2023-05-11 16:03:01 [INFO] 5초마다 출력
2023-05-11 16:03:06 [INFO] 5초마다 출력
2023-05-11 16:03:11 [INFO] 5초마다 출력
2023-05-11 16:03:16 [INFO] 5초마다 출력
2023-05-11 16:03:21 [INFO] 5초마다 출력
2023-05-11 16:03:26 [INFO] 5초마다 출력
2023-05-11 16:03:31 [INFO] 5초마다 출력
2023-05-11 16:03:36 [INFO] 5초마다 출력
2023-05-11 16:03:41 [INFO] 5초마다 출력
2023-05-11 16:03:46 [INFO] 5초마다 출력
2023-05-11 16:03:51 [INFO] 5초마다 출력
2023-05-11 16:03:56 [INFO] 5초마다 출력
2023-05-11 16:04:01 [INFO] 5초마다 출력
2023-05-11 16:04:06 [INFO] 5초마다 출력
2023-05-11 16:04:11 [INFO] 5초마다 출력
2023-05-11 16:04:16 [INFO] 5초마다 출력
2023-05-11 16:04:21 [INFO] 5초마다 출력
2023-05-11 16:04:26 [INFO] 5초마다 출력
2023-05-11 16:04:31 [INFO] 5초마다 출력
2023-05-11 16:04:36 [INFO] 5초마다 출력
2023-05-11 16:04:41 [INFO] 5초마다 출력
2023-05-11 16:04:46 [INFO] 5초마다 출력
2023-05-11 16:05:47 [INFO] 초기화 필터 생성
2023-05-11 16:05:52 [INFO] 후처리 수행
2023-05-11 16:05:53 [INFO] View단 처리 완료 후 수행
2023-05-11 16:05:53 [INFO] 후처리 수행
2023-05-11 16:05:53 [INFO] View단 처리 완료 후 수행
2023-05-11 16:05:53 [INFO] 후처리 수행
2023-05-11 16:05:53 [INFO] View단 처리 완료 후 수행
2023-05-11 16:05:53 [INFO] 후처리 수행
2023-05-11 16:05:53 [INFO] View단 처리 완료 후 수행
2023-05-11 16:05:54 [INFO] 후처리 수행
2023-05-11 16:05:54 [INFO] View단 처리 완료 후 수행
2023-05-11 16:06:00 [INFO] 5초마다 출력
2023-05-11 16:06:04 [INFO] 후처리 수행
2023-05-11 16:06:04 [INFO] View단 처리 완료 후 수행
2023-05-11 16:06:14 [INFO] 후처리 수행
2023-05-11 16:06:14 [INFO] View단 처리 완료 후 수행
2023-05-11 16:06:24 [INFO] 후처리 수행
2023-05-11 16:06:24 [INFO] View단 처리 완료 후 수행
2023-05-11 16:06:34 [INFO] 후처리 수행
2023-05-11 16:06:34 [INFO] View단 처리 완료 후 수행
2023-05-11 16:06:44 [INFO] 후처리 수행
2023-05-11 16:06:44 [INFO] View단 처리 완료 후 수행
2023-05-11 16:06:54 [INFO] 후처리 수행
2023-05-11 16:06:54 [INFO] View단 처리 완료 후 수행
2023-05-11 16:07:00 [INFO] 5초마다 출력
2023-05-11 16:07:04 [INFO] 후처리 수행
2023-05-11 16:07:04 [INFO] View단 처리 완료 후 수행
2023-05-11 16:07:14 [INFO] 후처리 수행
2023-05-11 16:07:14 [INFO] View단 처리 완료 후 수행
2023-05-11 16:08:00 [INFO] 5초마다 출력
2023-05-11 16:08:02 [INFO] 후처리 수행
2023-05-11 16:08:02 [INFO] View단 처리 완료 후 수행
2023-05-11 16:09:00 [INFO] 5초마다 출력
2023-05-11 16:09:02 [INFO] 후처리 수행
2023-05-11 16:09:02 [INFO] View단 처리 완료 후 수행
2023-05-11 16:10:00 [INFO] 5초마다 출력
2023-05-11 16:10:02 [INFO] 후처리 수행
2023-05-11 16:10:02 [INFO] View단 처리 완료 후 수행
2023-05-11 16:50:48 [INFO] 초기화 필터 생성
2023-05-11 16:50:54 [INFO] 후처리 수행
2023-05-11 16:50:54 [INFO] View단 처리 완료 후 수행
2023-05-11 16:50:54 [INFO] 후처리 수행
2023-05-11 16:50:54 [INFO] View단 처리 완료 후 수행
2023-05-11 16:51:00 [INFO] 서버 이미지 삭제 완료
2023-05-11 16:51:04 [INFO] 후처리 수행
2023-05-11 16:51:04 [INFO] View단 처리 완료 후 수행
2023-05-11 16:51:13 [INFO] 로그인 기능 수행됨
2023-05-11 16:51:13 [DEBUG] pass01! / $2a$10$64QMVNNZRN5RHqOhoiO8vO2V5jvzoFmvODMtpy1yer1YY/S7.nZlu
2023-05-11 16:51:13 [INFO] 후처리 수행
2023-05-11 16:51:13 [INFO] View단 처리 완료 후 수행
2023-05-11 16:51:13 [INFO] 후처리 수행
2023-05-11 16:51:13 [INFO] View단 처리 완료 후 수행
2023-05-11 16:51:14 [INFO] 후처리 수행
2023-05-11 16:51:14 [INFO] View단 처리 완료 후 수행
2023-05-11 16:51:24 [INFO] 후처리 수행
2023-05-11 16:51:24 [INFO] View단 처리 완료 후 수행
2023-05-11 16:51:24 [INFO] 로그인 기능 수행됨
2023-05-11 16:51:24 [DEBUG] pass01! / $2a$10$CpNwZMNLkjG/rryvg2H0BuJXoSBUt64zrHYuw78PVtHwum.r6Ancu
2023-05-11 16:51:24 [INFO] 후처리 수행
2023-05-11 16:51:24 [INFO] View단 처리 완료 후 수행
2023-05-11 16:51:24 [INFO] 후처리 수행
2023-05-11 16:51:24 [INFO] View단 처리 완료 후 수행
2023-05-11 16:51:25 [INFO] 후처리 수행
2023-05-11 16:51:25 [INFO] View단 처리 완료 후 수행
2023-05-11 16:51:35 [INFO] 후처리 수행
2023-05-11 16:51:35 [INFO] View단 처리 완료 후 수행
2023-05-11 16:51:45 [INFO] 후처리 수행
2023-05-11 16:51:45 [INFO] View단 처리 완료 후 수행
2023-05-11 16:51:50 [INFO] 로그인 기능 수행됨
2023-05-11 16:51:50 [DEBUG] aaaaaa / $2a$10$gr66U39oVIIM8rB3KwaJUeICdf5uyZp0iu1StzSkNNHvrCSqD.mDq
2023-05-11 16:51:50 [INFO] 후처리 수행
2023-05-11 16:51:50 [INFO] View단 처리 완료 후 수행
2023-05-11 16:51:50 [INFO] 후처리 수행
2023-05-11 16:51:50 [INFO] View단 처리 완료 후 수행
2023-05-11 16:51:50 [INFO] 후처리 수행
2023-05-11 16:51:50 [INFO] View단 처리 완료 후 수행
2023-05-11 16:51:53 [INFO] 후처리 수행
2023-05-11 16:51:53 [INFO] View단 처리 완료 후 수행
2023-05-11 16:51:53 [INFO] 후처리 수행
2023-05-11 16:51:53 [INFO] View단 처리 완료 후 수행
2023-05-11 16:51:53 [INFO] 후처리 수행
2023-05-11 16:51:53 [INFO] View단 처리 완료 후 수행
2023-05-11 16:51:53 [INFO] 후처리 수행
2023-05-11 16:51:53 [INFO] View단 처리 완료 후 수행
2023-05-11 16:51:53 [INFO] 후처리 수행
2023-05-11 16:51:53 [INFO] View단 처리 완료 후 수행
2023-05-11 16:51:55 [INFO] 후처리 수행
2023-05-11 16:51:55 [INFO] View단 처리 완료 후 수행
2023-05-11 16:51:55 [INFO] 후처리 수행
2023-05-11 16:51:55 [INFO] View단 처리 완료 후 수행
2023-05-11 16:51:55 [INFO] 후처리 수행
2023-05-11 16:51:55 [INFO] View단 처리 완료 후 수행
2023-05-11 16:51:55 [INFO] 후처리 수행
2023-05-11 16:51:55 [INFO] View단 처리 완료 후 수행
2023-05-11 16:51:55 [INFO] 후처리 수행
2023-05-11 16:51:55 [INFO] View단 처리 완료 후 수행
2023-05-11 16:51:55 [INFO] 후처리 수행
2023-05-11 16:51:55 [INFO] View단 처리 완료 후 수행
2023-05-11 16:51:55 [INFO] 후처리 수행
2023-05-11 16:51:55 [INFO] View단 처리 완료 후 수행
2023-05-11 16:51:55 [INFO] 후처리 수행
2023-05-11 16:51:55 [INFO] View단 처리 완료 후 수행
2023-05-11 16:51:55 [INFO] 후처리 수행
2023-05-11 16:51:55 [INFO] View단 처리 완료 후 수행
2023-05-11 16:52:00 [INFO] 서버 이미지 삭제 완료
2023-05-11 16:53:00 [INFO] 서버 이미지 삭제 완료
2023-05-11 16:53:21 [INFO] 초기화 필터 파괴
2023-05-11 16:53:41 [INFO] 초기화 필터 생성
2023-05-11 16:53:46 [INFO] 후처리 수행
2023-05-11 16:53:49 [INFO] View단 처리 완료 후 수행
2023-05-11 16:53:49 [INFO] 후처리 수행
2023-05-11 16:53:49 [INFO] View단 처리 완료 후 수행
2023-05-11 16:53:53 [INFO] 로그인 기능 수행됨
2023-05-11 16:53:53 [DEBUG] aaaaaa / $2a$10$epq9aLfR3NQC59pZyUZIeepJ3Z6zajOhpywMg7pMS.MW5oUYCjdHS
2023-05-11 16:53:54 [INFO] 후처리 수행
2023-05-11 16:53:54 [INFO] View단 처리 완료 후 수행
2023-05-11 16:53:54 [INFO] 후처리 수행
2023-05-11 16:53:54 [INFO] View단 처리 완료 후 수행
2023-05-11 16:53:54 [INFO] 후처리 수행
2023-05-11 16:53:54 [INFO] View단 처리 완료 후 수행
2023-05-11 16:53:56 [INFO] 후처리 수행
2023-05-11 16:53:56 [INFO] View단 처리 완료 후 수행
2023-05-11 16:53:58 [INFO] 후처리 수행
2023-05-11 16:53:59 [INFO] View단 처리 완료 후 수행
2023-05-11 16:53:59 [INFO] 후처리 수행
2023-05-11 16:53:59 [INFO] View단 처리 완료 후 수행
2023-05-11 16:54:00 [INFO] 서버 이미지 삭제 완료
2023-05-11 16:54:01 [INFO] 후처리 수행
2023-05-11 16:54:01 [INFO] View단 처리 완료 후 수행
2023-05-11 16:54:01 [INFO] 후처리 수행
2023-05-11 16:54:01 [INFO] View단 처리 완료 후 수행
2023-05-11 16:54:01 [INFO] 후처리 수행
2023-05-11 16:54:01 [INFO] View단 처리 완료 후 수행
2023-05-11 16:54:07 [INFO] 후처리 수행
2023-05-11 16:54:07 [INFO] View단 처리 완료 후 수행
2023-05-11 16:54:07 [INFO] 후처리 수행
2023-05-11 16:54:08 [INFO] View단 처리 완료 후 수행
2023-05-11 16:54:08 [INFO] 후처리 수행
2023-05-11 16:54:08 [INFO] View단 처리 완료 후 수행
2023-05-11 16:55:00 [INFO] 서버 이미지 삭제 완료
2023-05-11 16:56:00 [INFO] 서버 이미지 삭제 완료
